[2026-03-14 18:42:58] [INFO] ======================================================================
[2026-03-14 18:42:58] [INFO] SWAT DATASET GENERATOR - FIXED VERSION
[2026-03-14 18:42:58] [INFO] ======================================================================
[2026-03-14 18:42:58] [INFO] Configuration:
[2026-03-14 18:42:58] [INFO]   Total: 70 min
[2026-03-14 18:42:58] [INFO]   Attack: 30 min
[2026-03-14 18:42:58] [INFO]   Each attack: 5-10 min
[2026-03-14 18:42:58] [INFO]   Network attacks: 3× each (DOS, Replay, Recon)
[2026-03-14 18:42:58] [INFO] Generating attack schedule...
[2026-03-14 18:42:58] [INFO] Schedule generated:
[2026-03-14 18:42:58] [INFO]   Total duration: 4200s (70min)
[2026-03-14 18:42:58] [INFO]   Total attack time: 1791s (29.9min)
[2026-03-14 18:42:58] [INFO]   Number of attacks: 5
[2026-03-14 18:42:58] [INFO] [SCHEDULE] [ 1] Reconnaissance Scan                 @   1.0min  dur= 278s
[2026-03-14 18:42:58] [INFO] [SCHEDULE] [ 2] Replay Attack                       @   7.2min  dur= 295s
[2026-03-14 18:42:58] [INFO] [SCHEDULE] [ 3] Slow Ramp Attack                    @  13.6min  dur= 319s
[2026-03-14 18:42:58] [INFO] [SCHEDULE] [ 4] Slow Ramp Attack                    @  21.5min  dur= 421s
[2026-03-14 18:42:58] [INFO] [SCHEDULE] [ 5] Valve Manipulation Attack           @  29.6min  dur= 478s
[2026-03-14 18:42:58] [INFO] Starting background data logger...
[2026-03-14 18:42:58] [INFO]   cmd: C:\Users\Dweep\miniconda3\envs\test\python.exe logging\data_logger.py --host 192.168.5.194 --port 1502 --interval 0.1 --output run_03\master_dataset.csv --metadata-file run_03\attack_metadata.json
[2026-03-14 18:43:03] [INFO]   Logger started (PID 13160)
[2026-03-14 18:43:03] [INFO] Progress: 0.0/70min (0.0%)
[2026-03-14 18:44:03] [INFO] ▶ ATTACK START: Reconnaissance Scan (278s)
[2026-03-14 18:44:06] [INFO]   Reconnaissance: Scanning 100 addresses
[2026-03-14 18:48:44] [INFO]   Reconnaissance complete: 2780 register reads over 278s
[2026-03-14 18:48:44] [INFO] ✓ ATTACK COMPLETE: Reconnaissance Scan
[2026-03-14 18:52:44] [INFO] Progress: 5.0/70min (7.1%)
[2026-03-14 18:54:57] [INFO] ▶ ATTACK START: Replay Attack (295s)
[2026-03-14 18:55:00] [INFO]   Replay: Capturing 10s of normal traffic
[2026-03-14 18:55:10] [INFO]   Captured 10 snapshots, starting replay...
[2026-03-14 18:59:55] [INFO]   Replay complete
[2026-03-14 18:59:55] [INFO] ✓ ATTACK COMPLETE: Replay Attack
[2026-03-14 19:02:43] [INFO] Progress: 10.0/70min (14.3%)
[2026-03-14 19:06:21] [INFO] ▶ ATTACK START: Slow Ramp Attack (319s)
[2026-03-14 19:06:24] [INFO]   Command: C:\Users\Dweep\miniconda3\envs\test\python.exe attacks/command_injection.py --host 192.168.5.194 --port 1502 --attack slow_ramp --duration 319 --ramp-target AIT_202 --start-value 721 --end-value 577 --step-size 1 --step-interval 2.0
[2026-03-14 19:11:45] [INFO] ✓ ATTACK COMPLETE: Slow Ramp Attack
[2026-03-14 19:13:07] [INFO] Progress: 15.0/70min (21.4%)
[2026-03-14 19:18:07] [INFO] Progress: 20.0/70min (28.6%)
[2026-03-14 19:19:39] [INFO] ▶ ATTACK START: Slow Ramp Attack (421s)
[2026-03-14 19:19:42] [INFO]   Command: C:\Users\Dweep\miniconda3\envs\test\python.exe attacks/command_injection.py --host 192.168.5.194 --port 1502 --attack slow_ramp --duration 421 --ramp-target AIT_202 --start-value 738 --end-value 844 --step-size 1 --step-interval 2.0
[2026-03-14 19:26:44] [INFO] ✓ ATTACK COMPLETE: Slow Ramp Attack
[2026-03-14 19:30:12] [INFO] Progress: 25.0/70min (35.7%)
[2026-03-14 19:34:50] [INFO] ▶ ATTACK START: Valve Manipulation Attack (478s)
[2026-03-14 19:34:53] [INFO]   Command: C:\Users\Dweep\miniconda3\envs\test\python.exe attacks/command_injection.py --host 192.168.5.194 --port 1502 --attack valve_manipulation --duration 478
[2026-03-14 19:42:53] [INFO] ✓ ATTACK COMPLETE: Valve Manipulation Attack
[2026-03-14 19:43:15] [INFO] Progress: 30.0/70min (42.9%)
[2026-03-14 19:48:15] [INFO] Progress: 35.0/70min (50.0%)
[2026-03-14 19:53:15] [INFO] Progress: 40.0/70min (57.1%)
[2026-03-14 19:58:16] [INFO] Progress: 45.0/70min (64.3%)
[2026-03-14 20:03:16] [INFO] Progress: 50.0/70min (71.4%)
[2026-03-14 20:08:16] [INFO] Progress: 55.0/70min (78.6%)
[2026-03-14 20:13:16] [INFO] Progress: 60.0/70min (85.7%)
[2026-03-14 20:18:16] [INFO] Progress: 65.0/70min (92.9%)
[2026-03-14 20:23:16] [INFO] ✓ Generation complete
[2026-03-14 20:23:16] [INFO] Cleanup...
[2026-03-14 20:23:16] [INFO] Stopping logger...
[2026-03-14 20:23:16] [INFO] ======================================================================
[2026-03-14 20:23:16] [INFO] COMPLETE
[2026-03-14 20:23:16] [INFO] ======================================================================
[2026-03-14 20:23:16] [INFO] Output: run_03\master_dataset.csv
[2026-03-14 20:23:16] [INFO] Rows: 30001
