[2026-03-19 17:45:32] [INFO] ======================================================================
[2026-03-19 17:45:32] [INFO] SWAT DATASET GENERATOR - FIXED VERSION
[2026-03-19 17:45:32] [INFO] ======================================================================
[2026-03-19 17:45:32] [INFO] Configuration:
[2026-03-19 17:45:32] [INFO]   Total: 70 min
[2026-03-19 17:45:32] [INFO]   Attack: 30 min
[2026-03-19 17:45:32] [INFO]   Each attack: 5-10 min
[2026-03-19 17:45:32] [INFO]   Network attacks: 3× each (DOS, Replay, Recon)
[2026-03-19 17:45:32] [INFO] Generating attack schedule...
[2026-03-19 17:45:32] [INFO] Schedule generated:
[2026-03-19 17:45:32] [INFO]   Total duration: 4200s (70min)
[2026-03-19 17:45:32] [INFO]   Total attack time: 1505s (25.1min)
[2026-03-19 17:45:32] [INFO]   Number of attacks: 4
[2026-03-19 17:45:32] [INFO] [SCHEDULE] [ 1] Reconnaissance Scan                 @   1.0min  dur= 194s
[2026-03-19 17:45:32] [INFO] [SCHEDULE] [ 2] Replay Attack                       @   5.5min  dur= 193s
[2026-03-19 17:45:32] [INFO] [SCHEDULE] [ 3] Slow Ramp Attack                    @  11.1min  dur= 570s
[2026-03-19 17:45:32] [INFO] [SCHEDULE] [ 4] pH Manipulation Attack              @  22.1min  dur= 548s
[2026-03-19 17:45:32] [INFO] Starting background data logger...
[2026-03-19 17:45:32] [INFO]   cmd: C:\Users\Dweep\miniconda3\envs\test\python.exe logging\data_logger.py --host 192.168.5.195 --port 1502 --interval 0.1 --output run_01\master_dataset.csv --metadata-file run_01\attack_metadata.json
[2026-03-19 17:45:37] [INFO]   Logger started (PID 8800)
[2026-03-19 17:45:37] [INFO] Progress: 0.0/70min (0.0%)
[2026-03-19 17:46:21] [WARNING] Interrupted by user
[2026-03-19 17:46:21] [INFO] Cleanup...
[2026-03-19 17:46:21] [INFO] Stopping logger...
[2026-03-19 17:46:21] [INFO] ======================================================================
[2026-03-19 17:46:21] [INFO] COMPLETE
[2026-03-19 17:46:21] [INFO] ======================================================================
[2026-03-19 17:46:21] [INFO] Output: run_01\master_dataset.csv
[2026-03-19 17:46:46] [INFO] ======================================================================
[2026-03-19 17:46:46] [INFO] SWAT DATASET GENERATOR - FIXED VERSION
[2026-03-19 17:46:46] [INFO] ======================================================================
[2026-03-19 17:46:46] [INFO] Configuration:
[2026-03-19 17:46:46] [INFO]   Total: 70 min
[2026-03-19 17:46:46] [INFO]   Attack: 30 min
[2026-03-19 17:46:46] [INFO]   Each attack: 5-10 min
[2026-03-19 17:46:46] [INFO]   Network attacks: 3× each (DOS, Replay, Recon)
[2026-03-19 17:46:46] [INFO] Generating attack schedule...
[2026-03-19 17:46:46] [INFO] Schedule generated:
[2026-03-19 17:46:46] [INFO]   Total duration: 4200s (70min)
[2026-03-19 17:46:46] [INFO]   Total attack time: 1770s (29.5min)
[2026-03-19 17:46:46] [INFO]   Number of attacks: 5
[2026-03-19 17:46:46] [INFO] [SCHEDULE] [ 1] Reconnaissance Scan                 @   1.0min  dur= 212s
[2026-03-19 17:46:46] [INFO] [SCHEDULE] [ 2] Replay Attack                       @   7.0min  dur= 243s
[2026-03-19 17:46:46] [INFO] [SCHEDULE] [ 3] Slow Ramp Attack                    @  13.1min  dur= 468s
[2026-03-19 17:46:46] [INFO] [SCHEDULE] [ 4] Slow Ramp Attack                    @  23.3min  dur= 483s
[2026-03-19 17:46:46] [INFO] [SCHEDULE] [ 5] Slow Ramp Attack                    @  34.2min  dur= 364s
[2026-03-19 17:46:46] [INFO] Starting background data logger...
[2026-03-19 17:46:46] [INFO]   cmd: C:\Users\Dweep\miniconda3\envs\test\python.exe logging\data_logger.py --host 192.168.5.195 --port 1502 --interval 0.1 --output run_01\master_dataset.csv --metadata-file run_01\attack_metadata.json
[2026-03-19 17:46:51] [INFO]   Logger started (PID 7084)
[2026-03-19 17:46:51] [INFO] Progress: 0.0/70min (0.0%)
[2026-03-19 17:47:51] [INFO] ▶ ATTACK START: Reconnaissance Scan (212s)
[2026-03-19 17:47:54] [INFO]   Reconnaissance: Scanning 100 addresses
[2026-03-19 17:51:26] [INFO]   Reconnaissance complete: 2120 register reads over 212s
[2026-03-19 17:51:26] [INFO] ✓ ATTACK COMPLETE: Reconnaissance Scan
[2026-03-19 17:55:26] [INFO] Progress: 5.0/70min (7.1%)
[2026-03-19 17:57:25] [INFO] ▶ ATTACK START: Replay Attack (243s)
[2026-03-19 17:57:28] [INFO]   Replay: Capturing 10s of normal traffic
[2026-03-19 17:57:38] [INFO]   Captured 10 snapshots, starting replay...
[2026-03-19 18:01:31] [INFO]   Replay complete
[2026-03-19 18:01:31] [INFO] ✓ ATTACK COMPLETE: Replay Attack
[2026-03-19 18:04:33] [INFO] Progress: 10.0/70min (14.3%)
[2026-03-19 18:07:38] [INFO] ▶ ATTACK START: Slow Ramp Attack (468s)
[2026-03-19 18:07:41] [INFO]   Command: C:\Users\Dweep\miniconda3\envs\test\python.exe attacks/command_injection.py --host 192.168.5.195 --port 1502 --attack slow_ramp --duration 468 --ramp-target AIT_202 --start-value 714 --end-value 865 --step-size 1 --step-interval 2.0
[2026-03-19 18:15:31] [INFO] ✓ ATTACK COMPLETE: Slow Ramp Attack
[2026-03-19 18:17:26] [INFO] Progress: 15.0/70min (21.4%)
[2026-03-19 18:22:26] [INFO] Progress: 20.0/70min (28.6%)
[2026-03-19 18:25:44] [INFO] ▶ ATTACK START: Slow Ramp Attack (483s)
[2026-03-19 18:25:47] [INFO]   Command: C:\Users\Dweep\miniconda3\envs\test\python.exe attacks/command_injection.py --host 192.168.5.195 --port 1502 --attack slow_ramp --duration 483 --ramp-target AIT_202 --start-value 714 --end-value 572 --step-size 1 --step-interval 2.0
[2026-03-19 18:33:51] [INFO] ✓ ATTACK COMPLETE: Slow Ramp Attack
[2026-03-19 18:35:33] [INFO] Progress: 25.0/70min (35.7%)
[2026-03-19 18:40:33] [INFO] Progress: 30.0/70min (42.9%)
[2026-03-19 18:44:46] [INFO] ▶ ATTACK START: Slow Ramp Attack (364s)
[2026-03-19 18:44:49] [INFO]   Command: C:\Users\Dweep\miniconda3\envs\test\python.exe attacks/command_injection.py --host 192.168.5.195 --port 1502 --attack slow_ramp --duration 364 --ramp-target AIT_202 --start-value 710 --end-value 888 --step-size 1 --step-interval 2.0
[2026-03-19 18:50:54] [INFO] ✓ ATTACK COMPLETE: Slow Ramp Attack
[2026-03-19 18:51:42] [INFO] Progress: 35.0/70min (50.0%)
[2026-03-19 18:56:42] [INFO] Progress: 40.0/70min (57.1%)
